
> squealing-sphere@0.0.1 convert:webp:advanced
> node scripts/convertToWebpAdvanced.js

🛠️  Usando: ImageMagick


📂 Procesando: cabana-1
⏭️  Saltando (ya existe): IMG_3580.HEIC.webp
⏭️  Saltando (ya existe): IMG_3581.HEIC.webp
⏭️  Saltando (ya existe): IMG_3582.HEIC.webp
⏭️  Saltando (ya existe): IMG_3583.HEIC.webp
⏭️  Saltando (ya existe): IMG_3584.HEIC.webp
⏭️  Saltando (ya existe): IMG_3585.HEIC.webp
⏭️  Saltando (ya existe): IMG_3586.HEIC.webp
⏭️  Saltando (ya existe): IMG_3587.HEIC.webp
⏭️  Saltando (ya existe): IMG_3588.HEIC.webp
⏭️  Saltando (ya existe): IMG_3589.HEIC.webp
⏭️  Saltando (ya existe): IMG_3590.HEIC.webp
⏭️  Saltando (ya existe): IMG_3591.HEIC.webp
⏭️  Saltando (ya existe): IMG_3592.HEIC.webp
⏭️  Saltando (ya existe): IMG_3594.HEIC.webp
⏭️  Saltando (ya existe): IMG_3595.HEIC.webp
⏭️  Saltando (ya existe): IMG_3596.HEIC.webp
⏭️  Saltando (ya existe): IMG_3597.HEIC.webp
⏭️  Saltando (ya existe): IMG_3598.HEIC.webp
⏭️  Saltando (ya existe): IMG_3599.HEIC.webp
⏭️  Saltando (ya existe): IMG_3600.HEIC.webp
⏭️  Saltando (ya existe): IMG_3601.HEIC.webp
⏭️  Saltando (ya existe): IMG_3602.HEIC.webp
⏭️  Saltando (ya existe): IMG_3603.HEIC.webp
⏭️  Saltando (ya existe): IMG_3604.HEIC.webp
⏭️  Saltando (ya existe): IMG_3605.HEIC.webp
⏭️  Saltando (ya existe): IMG_3606.HEIC.webp

📂 Procesando: cabana-2
⏭️  Saltando (ya existe): IMG_3616.HEIC.webp
⏭️  Saltando (ya existe): IMG_3617.HEIC.webp
⏭️  Saltando (ya existe): IMG_3618.HEIC.webp
⏭️  Saltando (ya existe): IMG_3619.HEIC.webp
⏭️  Saltando (ya existe): IMG_3620.HEIC.webp
⏭️  Saltando (ya existe): IMG_3621.HEIC.webp
⏭️  Saltando (ya existe): IMG_3622.HEIC.webp
⏭️  Saltando (ya existe): IMG_3623.HEIC.webp
⏭️  Saltando (ya existe): IMG_3624.HEIC.webp
⏭️  Saltando (ya existe): IMG_3625.HEIC.webp
⏭️  Saltando (ya existe): IMG_3626.HEIC.webp
⏭️  Saltando (ya existe): IMG_3627.HEIC.webp
⏭️  Saltando (ya existe): IMG_3628.HEIC.webp
⏭️  Saltando (ya existe): IMG_3629.HEIC.webp
⏭️  Saltando (ya existe): IMG_3630.HEIC.webp
⏭️  Saltando (ya existe): IMG_3631.HEIC.webp
⏭️  Saltando (ya existe): IMG_3632.HEIC.webp
⏭️  Saltando (ya existe): IMG_3633.HEIC.webp
⏭️  Saltando (ya existe): IMG_3634.HEIC.webp
⏭️  Saltando (ya existe): IMG_3635.HEIC.webp
⏭️  Saltando (ya existe): IMG_3636.HEIC.webp
⏭️  Saltando (ya existe): IMG_3637.HEIC.webp
⏭️  Saltando (ya existe): IMG_3638.HEIC.webp
⏭️  Saltando (ya existe): IMG_3639.HEIC.webp
⏭️  Saltando (ya existe): IMG_3640.HEIC.webp
⏭️  Saltando (ya existe): IMG_3641.HEIC.webp
⏭️  Saltando (ya existe): IMG_3642.HEIC.webp
⏭️  Saltando (ya existe): IMG_3644.HEIC.webp
⏭️  Saltando (ya existe): IMG_3645.HEIC.webp
⏭️  Saltando (ya existe): IMG_3646.HEIC.webp
⏭️  Saltando (ya existe): IMG_3647.HEIC.webp
⏭️  Saltando (ya existe): IMG_3648.HEIC.webp
⏭️  Saltando (ya existe): IMG_3649.HEIC.webp
⏭️  Saltando (ya existe): IMG_3650.HEIC.webp
⏭️  Saltando (ya existe): IMG_3651.HEIC.webp
⏭️  Saltando (ya existe): IMG_3652.HEIC.webp
⏭️  Saltando (ya existe): IMG_3653.HEIC.webp
⏭️  Saltando (ya existe): IMG_3654.HEIC.webp
⏭️  Saltando (ya existe): IMG_3655.HEIC.webp
⏭️  Saltando (ya existe): IMG_3656.HEIC.webp
⏭️  Saltando (ya existe): IMG_3657.HEIC.webp
⏭️  Saltando (ya existe): IMG_3658.HEIC.webp
⏭️  Saltando (ya existe): IMG_3659.HEIC.webp
⏭️  Saltando (ya existe): IMG_3660.HEIC.webp
⏭️  Saltando (ya existe): IMG_3661.HEIC.webp
⏭️  Saltando (ya existe): IMG_3662.HEIC.webp

📂 Procesando: cabana-3
⏭️  Saltando (ya existe): IMG_3663.HEIC.webp
⏭️  Saltando (ya existe): IMG_3667.HEIC.webp
⏭️  Saltando (ya existe): IMG_3668.HEIC.webp
⏭️  Saltando (ya existe): IMG_3669.HEIC.webp
⏭️  Saltando (ya existe): IMG_3670.HEIC.webp
⏭️  Saltando (ya existe): IMG_3671.HEIC.webp
⏭️  Saltando (ya existe): IMG_3672.HEIC.webp
⏭️  Saltando (ya existe): IMG_3673.HEIC.webp
⏭️  Saltando (ya existe): IMG_3674.HEIC.webp
⏭️  Saltando (ya existe): IMG_3675.HEIC.webp
⏭️  Saltando (ya existe): IMG_3676.HEIC.webp
⏭️  Saltando (ya existe): IMG_3677.HEIC.webp
⏭️  Saltando (ya existe): IMG_3678.HEIC.webp
⏭️  Saltando (ya existe): IMG_3679.HEIC.webp
⏭️  Saltando (ya existe): IMG_3680.HEIC.webp
⏭️  Saltando (ya existe): IMG_3681.HEIC.webp
⏭️  Saltando (ya existe): IMG_3682.HEIC.webp
⏭️  Saltando (ya existe): IMG_3683.HEIC.webp
⏭️  Saltando (ya existe): IMG_3684.HEIC.webp
⏭️  Saltando (ya existe): IMG_3685.HEIC.webp
⏭️  Saltando (ya existe): IMG_3686.HEIC.webp
⏭️  Saltando (ya existe): IMG_3687.HEIC.webp
⏭️  Saltando (ya existe): IMG_3688.HEIC.webp
⏭️  Saltando (ya existe): IMG_3689.HEIC.webp
⏭️  Saltando (ya existe): IMG_3690.HEIC.webp
⏭️  Saltando (ya existe): IMG_3691.HEIC.webp
⏭️  Saltando (ya existe): IMG_3692.HEIC.webp
⏭️  Saltando (ya existe): IMG_3693.HEIC.webp
⏭️  Saltando (ya existe): IMG_3694.HEIC.webp
⏭️  Saltando (ya existe): IMG_3695.HEIC.webp

📂 Procesando: exterior
⏭️  Saltando (ya existe): IMG_3494 2.HEIC.webp
⏭️  Saltando (ya existe): IMG_3495 2.HEIC.webp
⏭️  Saltando (ya existe): IMG_3496 2.HEIC.webp
⏭️  Saltando (ya existe): IMG_3497 2.HEIC.webp
⏭️  Saltando (ya existe): IMG_3498 2.HEIC.webp
⏭️  Saltando (ya existe): IMG_3499 2.HEIC.webp
⏭️  Saltando (ya existe): IMG_3500 2.HEIC.webp
⏭️  Saltando (ya existe): IMG_3501 2.HEIC.webp
⏭️  Saltando (ya existe): IMG_3502 2.HEIC.webp
⏭️  Saltando (ya existe): IMG_3503 2.HEIC.webp
⏭️  Saltando (ya existe): IMG_3504 2.HEIC.webp
⏭️  Saltando (ya existe): IMG_3505 2.HEIC.webp
⏭️  Saltando (ya existe): IMG_3506 2.HEIC.webp
⏭️  Saltando (ya existe): IMG_3507 2.HEIC.webp
⏭️  Saltando (ya existe): IMG_3510 2.HEIC.webp
⏭️  Saltando (ya existe): IMG_3511 2.HEIC.webp
⏭️  Saltando (ya existe): IMG_3512 2.HEIC.webp
⏭️  Saltando (ya existe): IMG_3513 2.HEIC.webp
⏭️  Saltando (ya existe): IMG_3514 2.HEIC.webp
⏭️  Saltando (ya existe): IMG_3515 2.HEIC.webp
⏭️  Saltando (ya existe): IMG_3516 2.HEIC.webp
⏭️  Saltando (ya existe): IMG_3529 2.HEIC.webp
⏭️  Saltando (ya existe): IMG_3536 2.HEIC.webp
⏭️  Saltando (ya existe): IMG_3537 2.HEIC.webp
⏭️  Saltando (ya existe): IMG_3539 2.HEIC.webp
⏭️  Saltando (ya existe): IMG_3540.HEIC.webp
⏭️  Saltando (ya existe): IMG_3542.HEIC.webp
⏭️  Saltando (ya existe): IMG_3607.HEIC.webp
⏭️  Saltando (ya existe): IMG_3609.HEIC.webp
⏭️  Saltando (ya existe): IMG_3610.HEIC.webp
⏭️  Saltando (ya existe): IMG_3611.HEIC.webp
⏭️  Saltando (ya existe): IMG_3612.HEIC.webp
⏭️  Saltando (ya existe): IMG_3613.HEIC.webp
⏭️  Saltando (ya existe): IMG_3614.HEIC.webp
⏭️  Saltando (ya existe): IMG_3615.HEIC.webp
⏭️  Saltando (ya existe): IMG_3616.HEIC.webp
⏭️  Saltando (ya existe): IMG_3617.HEIC.webp
⏭️  Saltando (ya existe): IMG_3663.HEIC.webp
⏭️  Saltando (ya existe): IMG_3664.HEIC.webp
⏭️  Saltando (ya existe): IMG_3665.HEIC.webp
⏭️  Saltando (ya existe): IMG_3666.HEIC.webp
⏭️  Saltando (ya existe): IMG_3667.HEIC.webp
⏭️  Saltando (ya existe): IMG_3668.HEIC.webp
⏭️  Saltando (ya existe): IMG_3669.HEIC.webp
⏭️  Saltando (ya existe): IMG_3697.HEIC.webp
⏭️  Saltando (ya existe): IMG_3698.HEIC.webp
⏭️  Saltando (ya existe): IMG_3699.HEIC.webp
⏭️  Saltando (ya existe): IMG_3700.HEIC.webp
⏭️  Saltando (ya existe): IMG_3701.HEIC.webp
⏭️  Saltando (ya existe): IMG_3702.HEIC.webp
⏭️  Saltando (ya existe): IMG_3703.HEIC.webp

📂 Procesando: pileta
⏭️  Saltando (ya existe): IMG_3549.HEIC.webp
⏭️  Saltando (ya existe): IMG_3550.HEIC.webp
⏭️  Saltando (ya existe): IMG_3551.HEIC.webp
⏭️  Saltando (ya existe): IMG_3552.HEIC.webp
⏭️  Saltando (ya existe): IMG_3553.HEIC.webp
⏭️  Saltando (ya existe): IMG_3554.HEIC.webp
⏭️  Saltando (ya existe): IMG_3555.HEIC.webp
⏭️  Saltando (ya existe): IMG_3556.HEIC.webp
⏭️  Saltando (ya existe): IMG_3557.HEIC.webp
⏭️  Saltando (ya existe): IMG_3558.HEIC.webp
⏭️  Saltando (ya existe): IMG_3559.HEIC.webp
⏭️  Saltando (ya existe): IMG_3560.HEIC.webp
⏭️  Saltando (ya existe): IMG_3561.HEIC.webp
⏭️  Saltando (ya existe): IMG_3562.HEIC.webp
⏭️  Saltando (ya existe): IMG_3563.HEIC.webp
⏭️  Saltando (ya existe): IMG_3564.HEIC.webp
⏭️  Saltando (ya existe): IMG_3565.HEIC.webp
⏭️  Saltando (ya existe): IMG_3566.HEIC.webp
⏭️  Saltando (ya existe): IMG_3567.HEIC.webp
⏭️  Saltando (ya existe): IMG_3568.HEIC.webp
⏭️  Saltando (ya existe): IMG_3569.HEIC.webp
⏭️  Saltando (ya existe): IMG_3570.HEIC.webp
⏭️  Saltando (ya existe): IMG_3571.HEIC.webp
⏭️  Saltando (ya existe): IMG_3572.HEIC.webp
⏭️  Saltando (ya existe): IMG_3573.HEIC.webp
⏭️  Saltando (ya existe): IMG_3666.HEIC.webp
⏭️  Saltando (ya existe): IMG_3704.HEIC.webp
⏭️  Saltando (ya existe): IMG_3705.HEIC.webp
⏭️  Saltando (ya existe): IMG_3706.HEIC.webp
⏭️  Saltando (ya existe): IMG_3709.HEIC.webp
⏭️  Saltando (ya existe): IMG_3710.HEIC.webp
⏭️  Saltando (ya existe): IMG_3711.HEIC.webp
⏭️  Saltando (ya existe): IMG_3712.HEIC.webp
⏭️  Saltando (ya existe): IMG_3714.HEIC.webp
⏭️  Saltando (ya existe): IMG_3715.HEIC.webp
⏭️  Saltando (ya existe): IMG_3716.HEIC.webp
⏭️  Saltando (ya existe): IMG_3717.HEIC.webp
⏭️  Saltando (ya existe): IMG_3756.HEIC.webp
⏭️  Saltando (ya existe): IMG_3757.HEIC.webp
⏭️  Saltando (ya existe): IMG_3759.HEIC.webp
⏭️  Saltando (ya existe): IMG_3760.HEIC.webp
⏭️  Saltando (ya existe): IMG_3761.HEIC.webp
⏭️  Saltando (ya existe): IMG_3762.HEIC.webp

==================================================
✨ Conversión completada
✅ Convertidas: 0
❌ Errores: 0
==================================================
